<testsuite name="myorganization-subflow-test" time="2.581" failures="0" errors="0" skipped="0" tests="7">
  <properties>
[...]
</properties>
  <testcase time="0.021" name="createNewCustomerSubflowTest" classname="myorganization-subflow-test"/>
  <testcase time="0.012" name="updateCustomerRecordSubflowTest" classname="myorganization-subflow-test"/>
  <testcase time="0.017" name="deleteCustomerRecordSubflowTest" classname="myorganization-subflow-test"/>
  <testcase time="0.033" name="retrieveCustomerRecordSubflowTest" classname="myorganization-subflow-test"/>
  <testcase time="0.029" name="commonValidateTokenSubflowTest" classname="myorganization-subflow-test"/>
  <testcase time="0.018" name="retrieveCustomersSubflowTest" classname="myorganization-subflow-test"/>
  <testcase time="0.022" name="commonValidateRequestSubflowTest" classname="myorganization-subflow-test"/>
</testsuite>