<testsuite name="myorganization-api-test" time="6.628" failures="0" errors="0" skipped="0" tests="23">
  <properties>
[...]
</properties>
  <testcase time="0.454" name="resourceNotFound404Test" classname="myorganization-api-test"/>
  <testcase time="0.053" name="/POST:customers-HTTP-500-Test" classname="myorganization-api-test"/>
  <testcase time="0.045" name="/DELETE:customers/customerId-HTTP-204-Test" classname="myorganization-api-test"/>
  <testcase time="0.048" name="/PUT:customers/customerId-HTTP-500-Test" classname="myorganization-api-test"/>
  <testcase time="0.038" name="/GET:customers/customerId-HTTP-500-Test" classname="myorganization-api-test"/>
  <testcase time="0.021" name="/DELETE:customers/customerId-HTTP-401-Test" classname="myorganization-api-test"/>
  <testcase time="0.035" name="/POST:customers-HTTP-400-Test" classname="myorganization-api-test"/>
  <testcase time="0.062" name="/GET:customers-HTTP-404-Test" classname="myorganization-api-test"/>
  <testcase time="0.035" name="/GET:customers/customerId-HTTP-404-Test" classname="myorganization-api-test"/>
  <testcase time="0.048" name="/PUT:customers/customerId-HTTP-200-Test" classname="myorganization-api-test"/>
  <testcase time="0.092" name="notAcceptable406Test" classname="myorganization-api-test"/>
  <testcase time="0.033" name="/GET:customers-HTTP-401-Test" classname="myorganization-api-test"/>
  <testcase time="0.026" name="/POST:customers-HTTP-401-Test" classname="myorganization-api-test"/>
  <testcase time="0.068" name="/GET:customers/customerId-HTTP-200-Test" classname="myorganization-api-test"/>
  <testcase time="0.031" name="/PUT:customers/customerId-HTTP-400-Test" classname="myorganization-api-test"/>
  <testcase time="0.035" name="/PUT:customers/customerId-HTTP-401-Test" classname="myorganization-api-test"/>
  <testcase time="0.074" name="/PUT:customers/customerId-HTTP-404-Test" classname="myorganization-api-test"/>
  <testcase time="0.049" name="methodNotAllowed405Test" classname="myorganization-api-test"/>
  <testcase time="0.068" name="/GET:customers-HTTP-500-Test" classname="myorganization-api-test"/>
  <testcase time="0.069" name="/POST:customers-HTTP-201-Test" classname="myorganization-api-test"/>
  <testcase time="0.042" name="/DELETE:customers/customerId-HTTP-500-Test" classname="myorganization-api-test"/>
  <testcase time="0.02" name="/GET:customers/customerId-HTTP-401-Test" classname="myorganization-api-test"/>
  <testcase time="0.196" name="/GET:customers-HTTP-200-Test" classname="myorganization-api-test"/>
</testsuite>